<?xml version="1.0" encoding="UTF-8"?>
<!-- Generated by org.testng.reporters.JUnitReportReporter -->
<testsuite hostname="RavitejaReddy" failures="0" tests="1" name="Web.Button" time="4.715" errors="0" timestamp="2021-07-31T11:34:43 IST" skipped="0">
  <testcase classname="Web.Button" name="script1" time="4.715"/>
  <system-out/>
</testsuite> <!-- Web.Button -->
