<?xml version="1.0" encoding="UTF-8"?>
<!-- Generated by org.testng.reporters.JUnitReportReporter -->
<testsuite hostname="RavitejaReddy" failures="0" tests="1" name="Web.Maximize" time="3.363" errors="0" timestamp="2021-07-31T11:56:14 IST" skipped="0">
  <testcase classname="Web.Maximize" name="script" time="3.363"/>
  <system-out/>
</testsuite> <!-- Web.Maximize -->
