<?xml version="1.0" encoding="UTF-8"?>
<!-- Generated by org.testng.reporters.JUnitReportReporter -->
<testsuite hostname="RavitejaReddy" failures="0" tests="1" name="Functionality.CPprogram" time="1.928" errors="0" timestamp="2021-07-31T12:40:32 IST" skipped="0">
  <testcase classname="Functionality.CPprogram" name="readconfig" time="1.928"/>
  <system-out/>
</testsuite> <!-- Functionality.CPprogram -->
