<?xml version="1.0" encoding="UTF-8"?>
<!-- Generated by org.testng.reporters.JUnitReportReporter -->
<testsuite hostname="RavitejaReddy" failures="0" tests="1" name="Functionality.Download" time="2.750" errors="0" timestamp="2021-07-31T12:42:22 IST" skipped="0">
  <testcase classname="Functionality.Download" name="script1" time="2.750"/>
  <system-out/>
</testsuite> <!-- Functionality.Download -->
