<?xml version="1.0" encoding="UTF-8"?>
<!-- Generated by org.testng.reporters.JUnitReportReporter -->
<testsuite hostname="RavitejaReddy" failures="0" tests="1" name="Web.Dropdown" time="3.029" errors="0" timestamp="2021-07-31T11:43:27 IST" skipped="0">
  <testcase classname="Web.Dropdown" name="script1" time="3.029"/>
  <system-out/>
</testsuite> <!-- Web.Dropdown -->
