<?xml version="1.0" encoding="UTF-8"?>
<!-- Generated by org.testng.reporters.JUnitReportReporter -->
<testsuite hostname="RavitejaReddy" failures="0" tests="1" name="Web.Alert1" time="2.658" errors="0" timestamp="2021-07-31T11:46:46 IST" skipped="0">
  <testcase classname="Web.Alert1" name="script" time="2.658"/>
  <system-out/>
</testsuite> <!-- Web.Alert1 -->
