<?xml version="1.0" encoding="UTF-8"?>
<!-- Generated by org.testng.reporters.JUnitReportReporter -->
<testsuite hostname="RavitejaReddy" failures="0" tests="1" name="Functionality.Readdatadriven" time="8.727" errors="0" timestamp="2021-07-31T12:10:35 IST" skipped="0">
  <testcase classname="Functionality.Readdatadriven" name="script1" time="8.727"/>
  <system-out/>
</testsuite> <!-- Functionality.Readdatadriven -->
