<?xml version="1.0" encoding="UTF-8"?>
<!-- Generated by org.testng.reporters.JUnitReportReporter -->
<testsuite hostname="RavitejaReddy" failures="0" tests="1" name="Functionality.Login" time="9.310" errors="0" timestamp="2021-07-31T12:25:11 IST" skipped="0">
  <testcase classname="Functionality.Login" name="script1" time="9.310"/>
  <system-out/>
</testsuite> <!-- Functionality.Login -->
