<?xml version="1.0" encoding="UTF-8"?>
<!-- Generated by org.testng.reporters.JUnitReportReporter -->
<testsuite hostname="RavitejaReddy" failures="0" tests="1" name="Web.Button1" time="4.642" errors="0" timestamp="2021-07-31T11:35:51 IST" skipped="0">
  <testcase classname="Web.Button1" name="script1" time="4.642"/>
  <system-out/>
</testsuite> <!-- Web.Button1 -->
