<?xml version="1.0" encoding="UTF-8"?>
<!-- Generated by org.testng.reporters.JUnitReportReporter -->
<testsuite hostname="RavitejaReddy" failures="0" tests="1" name="Web.Takescreenshot" time="3.673" errors="0" timestamp="2021-07-31T12:07:49 IST" skipped="0">
  <testcase classname="Web.Takescreenshot" name="script1" time="3.673"/>
  <system-out/>
</testsuite> <!-- Web.Takescreenshot -->
