<?xml version="1.0" encoding="UTF-8"?>
<!-- Generated by org.testng.reporters.JUnitReportReporter -->
<testsuite hostname="RavitejaReddy" failures="0" tests="1" name="Web.Edit" time="5.422" errors="0" timestamp="2021-07-31T11:33:30 IST" skipped="0">
  <testcase classname="Web.Edit" name="script1" time="5.422"/>
  <system-out/>
</testsuite> <!-- Web.Edit -->
