<?xml version="1.0" encoding="UTF-8"?>
<!-- Generated by org.testng.reporters.JUnitReportReporter -->
<testsuite hostname="RavitejaReddy" failures="0" tests="1" name="Web.Hyperlink" time="2.503" errors="0" timestamp="2021-07-31T11:39:33 IST" skipped="0">
  <testcase classname="Web.Hyperlink" name="script1" time="2.503"/>
  <system-out/>
</testsuite> <!-- Web.Hyperlink -->
