<?xml version="1.0" encoding="UTF-8"?>
<!-- Generated by org.testng.reporters.JUnitReportReporter -->
<testsuite hostname="RavitejaReddy" failures="0" tests="1" name="Web.AutocompleteUnorderedList" time="2.534" errors="0" timestamp="2021-07-31T12:10:55 IST" skipped="0">
  <testcase classname="Web.AutocompleteUnorderedList" name="script1" time="2.534"/>
  <system-out/>
</testsuite> <!-- Web.AutocompleteUnorderedList -->
