<?xml version="1.0" encoding="UTF-8"?>
<!-- Generated by org.testng.reporters.JUnitReportReporter -->
<testsuite hostname="RavitejaReddy" failures="0" tests="1" name="Web.Multiple" time="2.667" errors="0" timestamp="2021-07-31T11:59:31 IST" skipped="0">
  <testcase classname="Web.Multiple" name="isMultipledemo" time="2.667"/>
  <system-out/>
</testsuite> <!-- Web.Multiple -->
