<?xml version="1.0" encoding="UTF-8"?>
<!-- Generated by org.testng.reporters.JUnitReportReporter -->
<testsuite hostname="RavitejaReddy" failures="0" tests="1" name="Web.checkbox" time="3.048" errors="0" timestamp="2021-07-31T11:40:14 IST" skipped="0">
  <testcase classname="Web.checkbox" name="script1" time="3.048"/>
  <system-out/>
</testsuite> <!-- Web.checkbox -->
