<?xml version="1.0" encoding="UTF-8"?>
<!-- Generated by org.testng.reporters.JUnitReportReporter -->
<testsuite hostname="RavitejaReddy" failures="0" tests="1" name="Web.Selectable" time="3.511" errors="0" timestamp="2021-07-31T12:11:19 IST" skipped="0">
  <testcase classname="Web.Selectable" name="script1" time="3.511"/>
  <system-out/>
</testsuite> <!-- Web.Selectable -->
